{"name": "Task is not added when name is empty", "status": "failed", "statusDetails": {"message": "AssertionError: assert '' not in ['Gather requirements for a \"todo\" app', 'Build the app in AngularJs', 'Create Selenium unit tests', 'Build selenium grid, buy devices, and setup a test lab - $$$', 'Hire an FTE to manage the lab - more $$$', '']", "trace": "driver = <selenium.webdriver.chrome.webdriver.WebDriver (session=\"c2331dec32e35e7affb4d8ca5ecf3f87\")>\n\n    @allure.title(\"Task is not added when name is empty\")\n    def test_task_not_added_with_empty_name(driver):\n        page = TodoPage(driver)\n        page.open()\n    \n        with allure.step(\"Record current tasks\"):\n            tasks_before = page.get_tasks()\n    \n        with allure.step(\"Try to add empty task\"):\n            page.add_task(\"\")\n    \n        with allure.step(\"Verify no empty task was added\"):\n            tasks_after = page.get_tasks()\n            # проверяем, что пустой текст не появился в списке\n>           assert \"\" not in tasks_after\nE           assert '' not in ['Gather requirements for a \"todo\" app', 'Build the app in AngularJs', 'Create Selenium unit tests', 'Build selenium grid, buy devices, and setup a test lab - $$$', 'Hire an FTE to manage the lab - more $$$', '']\n\ntests\\test_task_not_added_with_empty_name.py:18: AssertionError"}, "steps": [{"name": "Record current tasks", "status": "passed", "start": 1772125459836, "stop": 1772125459868}, {"name": "Try to add empty task", "status": "passed", "start": 1772125459868, "stop": 1772125459952}, {"name": "Verify no empty task was added", "status": "failed", "statusDetails": {"message": "AssertionError: assert '' not in ['Gather requirements for a \"todo\" app', 'Build the app in AngularJs', 'Create Selenium unit tests', 'Build selenium grid, buy devices, and setup a test lab - $$$', 'Hire an FTE to manage the lab - more $$$', '']\n", "trace": "  File \"D:\\University\\Project github\\ToDoList\\tests\\test_task_not_added_with_empty_name.py\", line 18, in test_task_not_added_with_empty_name\n    assert \"\" not in tasks_after\n"}, "start": 1772125459952, "stop": 1772125459978}], "start": 1772125458834, "stop": 1772125459979, "uuid": "333d8d4f-8b6d-4a97-8ed5-19cc2e973d24", "historyId": "ac9568bc1d0d88ee48e662cda17cd613", "testCaseId": "ac9568bc1d0d88ee48e662cda17cd613", "fullName": "tests.test_task_not_added_with_empty_name#test_task_not_added_with_empty_name", "labels": [{"name": "parentSuite", "value": "tests"}, {"name": "suite", "value": "test_task_not_added_with_empty_name"}, {"name": "host", "value": "WIN-BT7LVCU6FHG"}, {"name": "thread", "value": "15888-MainThread"}, {"name": "framework", "value": "pytest"}, {"name": "language", "value": "cpython3"}, {"name": "package", "value": "tests.test_task_not_added_with_empty_name"}], "titlePath": ["tests", "test_task_not_added_with_empty_name.py"]}