{"name": "Task is not added when name is empty", "status": "failed", "statusDetails": {"message": "AssertionError: assert 6 == 5", "trace": "driver = <selenium.webdriver.chrome.webdriver.WebDriver (session=\"2937281b577b5e1fe332df973f34282b\")>\n\n    @allure.title(\"Task is not added when name is empty\")\n    def test_task_not_added_with_empty_name(driver):\n        page = TodoPage(driver)\n        page.open()\n    \n        before = len(page.get_tasks())\n    \n        with allure.step(\"Try to add empty task\"):\n            page.add_task(\"\")\n    \n        with allure.step(\"Verify no new tasks were added\"):\n            after = len(page.get_tasks())\n>           assert after == before\nE           assert 6 == 5\n\ntests\\test_task_not_added_with_empty_name.py:17: AssertionError"}, "steps": [{"name": "Try to add empty task", "status": "passed", "start": 1772124804755, "stop": 1772124804843}, {"name": "Verify no new tasks were added", "status": "failed", "statusDetails": {"message": "AssertionError: assert 6 == 5\n", "trace": "  File \"D:\\University\\Project github\\ToDoList\\tests\\test_task_not_added_with_empty_name.py\", line 17, in test_task_not_added_with_empty_name\n    assert after == before\n"}, "start": 1772124804843, "stop": 1772124804871}], "start": 1772124804160, "stop": 1772124804872, "uuid": "5327f15b-2437-4e40-b1ab-be36a8329a1e", "historyId": "ac9568bc1d0d88ee48e662cda17cd613", "testCaseId": "ac9568bc1d0d88ee48e662cda17cd613", "fullName": "tests.test_task_not_added_with_empty_name#test_task_not_added_with_empty_name", "labels": [{"name": "parentSuite", "value": "tests"}, {"name": "suite", "value": "test_task_not_added_with_empty_name"}, {"name": "host", "value": "WIN-BT7LVCU6FHG"}, {"name": "thread", "value": "14452-MainThread"}, {"name": "framework", "value": "pytest"}, {"name": "language", "value": "cpython3"}, {"name": "package", "value": "tests.test_task_not_added_with_empty_name"}], "titlePath": ["tests", "test_task_not_added_with_empty_name.py"]}