{"name": "Task is not added when name is empty", "status": "failed", "statusDetails": {"message": "AssertionError: assert 6 == 0\n +  where 6 = len(['Gather requirements for a \"todo\" app', 'Build the app in AngularJs', 'Create Selenium unit tests', 'Build selenium grid, buy devices, and setup a test lab - $$$', 'Hire an FTE to manage the lab - more $$$', ''])\n +    where ['Gather requirements for a \"todo\" app', 'Build the app in AngularJs', 'Create Selenium unit tests', 'Build selenium grid, buy devices, and setup a test lab - $$$', 'Hire an FTE to manage the lab - more $$$', ''] = get_tasks()\n +      where get_tasks = <pages.todo_page.TodoPage object at 0x0000028A77FCD940>.get_tasks", "trace": "driver = <selenium.webdriver.chrome.webdriver.WebDriver (session=\"5ee4da9fb96bfe50d2ae646ae109fafa\")>\n\n    @allure.title(\"Task is not added when name is empty\")\n    def test_task_not_added_with_empty_name(driver):\n        page = TodoPage(driver)\n    \n        with allure.step(\"Open ToDo page\"):\n            page.open()\n    \n        with allure.step(\"Try to add empty task\"):\n            page.add_task(\"\")\n    \n        with allure.step(\"Verify no tasks were added\"):\n>           assert len(page.get_tasks()) == 0\nE           assert 6 == 0\nE            +  where 6 = len(['Gather requirements for a \"todo\" app', 'Build the app in AngularJs', 'Create Selenium unit tests', 'Build selenium grid, buy devices, and setup a test lab - $$$', 'Hire an FTE to manage the lab - more $$$', ''])\nE            +    where ['Gather requirements for a \"todo\" app', 'Build the app in AngularJs', 'Create Selenium unit tests', 'Build selenium grid, buy devices, and setup a test lab - $$$', 'Hire an FTE to manage the lab - more $$$', ''] = get_tasks()\nE            +      where get_tasks = <pages.todo_page.TodoPage object at 0x0000028A77FCD940>.get_tasks\n\ntests\\test_task_not_added_with_empty_name.py:16: AssertionError"}, "steps": [{"name": "Open ToDo page", "status": "passed", "start": 1772124249992, "stop": 1772124250946}, {"name": "Try to add empty task", "status": "passed", "start": 1772124250946, "stop": 1772124251030}, {"name": "Verify no tasks were added", "status": "failed", "statusDetails": {"message": "AssertionError: assert 6 == 0\n +  where 6 = len(['Gather requirements for a \"todo\" app', 'Build the app in AngularJs', 'Create Selenium unit tests', 'Build selenium grid, buy devices, and setup a test lab - $$$', 'Hire an FTE to manage the lab - more $$$', ''])\n +    where ['Gather requirements for a \"todo\" app', 'Build the app in AngularJs', 'Create Selenium unit tests', 'Build selenium grid, buy devices, and setup a test lab - $$$', 'Hire an FTE to manage the lab - more $$$', ''] = get_tasks()\n +      where get_tasks = <pages.todo_page.TodoPage object at 0x0000028A77FCD940>.get_tasks\n", "trace": "  File \"D:\\University\\Project github\\ToDoList\\tests\\test_task_not_added_with_empty_name.py\", line 16, in test_task_not_added_with_empty_name\n    assert len(page.get_tasks()) == 0\n"}, "start": 1772124251030, "stop": 1772124251066}], "start": 1772124249992, "stop": 1772124251066, "uuid": "b9a19e53-5e2b-403d-8399-71cd2a38af5f", "historyId": "ac9568bc1d0d88ee48e662cda17cd613", "testCaseId": "ac9568bc1d0d88ee48e662cda17cd613", "fullName": "tests.test_task_not_added_with_empty_name#test_task_not_added_with_empty_name", "labels": [{"name": "parentSuite", "value": "tests"}, {"name": "suite", "value": "test_task_not_added_with_empty_name"}, {"name": "host", "value": "WIN-BT7LVCU6FHG"}, {"name": "thread", "value": "13528-MainThread"}, {"name": "framework", "value": "pytest"}, {"name": "language", "value": "cpython3"}, {"name": "package", "value": "tests.test_task_not_added_with_empty_name"}], "titlePath": ["tests", "test_task_not_added_with_empty_name.py"]}