{"name": "test_add_task_valid_name", "status": "broken", "statusDetails": {"message": "selenium.common.exceptions.NoSuchElementException: Message: no such element: Unable to locate element: {\"method\":\"css selector\",\"selector\":\"input.new-todo\"}\n  (Session info: chrome=145.0.7632.117); For documentation on this error, please visit: https://www.selenium.dev/documentation/webdriver/troubleshooting/errors#nosuchelementexception\nStacktrace:\nSymbols not available. Dumping unresolved backtrace:\n\t0x7ff778ecaa55\n\t0x7ff778c28630\n\t0x7ff7789bd75d\n\t0x7ff778a1862e\n\t0x7ff778a1893c\n\t0x7ff778a68d87\n\t0x7ff778a6591c\n\t0x7ff778a09098\n\t0x7ff778a09f83\n\t0x7ff778ef7810\n\t0x7ff778ef1afd\n\t0x7ff778f12c1a\n\t0x7ff778c43345\n\t0x7ff778c4b81c\n\t0x7ff778c31924\n\t0x7ff778c31ad6\n\t0x7ff778c17e47\n\t0x7ffc018226bd\n\t0x7ffc021edfb8", "trace": "driver = <selenium.webdriver.chrome.webdriver.WebDriver (session=\"be8502e7025deb29ce8ada3baddaadf2\")>\n\n    def test_add_task_valid_name(driver):\n        page = TodoPage(driver)\n        page.open()\n    \n>       page.add_task(\"Buy milk\")\n\ntests\\test_add_task.py:9: \n_ _ _ _ _ _ _ _ _ _ _ _ _ _ _ _ _ _ _ _ _ _ _ _ _ _ _ _ _ _ _ _ _ _ _ _ _ _ _ _ _ _ _ _ _ _ _ _ _ _ _ _ _ _ _ _ _ _ _ _ _ _ _ _ _ _ _ _ _ _ _ _ _ _ _ _ _ _ _ _ _ _ _ _ _ _ _ _ _ _\npages\\todo_page.py:40: in add_task\n    input_box = self.driver.find_element(By.CSS_SELECTOR, \"input.new-todo\")\n                ^^^^^^^^^^^^^^^^^^^^^^^^^^^^^^^^^^^^^^^^^^^^^^^^^^^^^^^^^^^\n.venv\\Lib\\site-packages\\selenium\\webdriver\\remote\\webdriver.py:816: in find_element\n    return self.execute(Command.FIND_ELEMENT, {\"using\": by, \"value\": value})[\"value\"]\n           ^^^^^^^^^^^^^^^^^^^^^^^^^^^^^^^^^^^^^^^^^^^^^^^^^^^^^^^^^^^^^^^^^\n.venv\\Lib\\site-packages\\selenium\\webdriver\\remote\\webdriver.py:446: in execute\n    self.error_handler.check_response(response)\n_ _ _ _ _ _ _ _ _ _ _ _ _ _ _ _ _ _ _ _ _ _ _ _ _ _ _ _ _ _ _ _ _ _ _ _ _ _ _ _ _ _ _ _ _ _ _ _ _ _ _ _ _ _ _ _ _ _ _ _ _ _ _ _ _ _ _ _ _ _ _ _ _ _ _ _ _ _ _ _ _ _ _ _ _ _ _ _ _ _\n\nself = <selenium.webdriver.remote.errorhandler.ErrorHandler object at 0x000001EE4730BD90>\nresponse = {'status': 404, 'value': '{\"value\":{\"error\":\"no such element\",\"message\":\"no such element: Unable to locate element: {\\...ff778c4b81c\\\\n\\\\t0x7ff778c31924\\\\n\\\\t0x7ff778c31ad6\\\\n\\\\t0x7ff778c17e47\\\\n\\\\t0x7ffc018226bd\\\\n\\\\t0x7ffc021edfb8\\\\n\"}}'}\n\n    def check_response(self, response: dict[str, Any]) -> None:\n        \"\"\"Check that a JSON response from the WebDriver does not have an error.\n    \n        Args:\n            response: The JSON response from the WebDriver server as a dictionary\n                object.\n    \n        Raises:\n            WebDriverException: If the response contains an error message.\n        \"\"\"\n        status = response.get(\"status\", None)\n        if not status or status == ErrorCode.SUCCESS:\n            return\n        value = None\n        message = response.get(\"message\", \"\")\n        screen: str = response.get(\"screen\", \"\")\n        stacktrace = None\n        if isinstance(status, int):\n            value_json = response.get(\"value\", None)\n            if value_json and isinstance(value_json, str):\n                try:\n                    value = json.loads(value_json)\n                    if isinstance(value, dict):\n                        if len(value) == 1:\n                            value = value[\"value\"]\n                        status = value.get(\"error\", None)\n                        if not status:\n                            status = value.get(\"status\", ErrorCode.UNKNOWN_ERROR)\n                            message = value.get(\"value\") or value.get(\"message\")\n                            if not isinstance(message, str):\n                                value = message\n                                message = message.get(\"message\") if isinstance(message, dict) else None\n                        else:\n                            message = value.get(\"message\", None)\n                except ValueError:\n                    pass\n    \n        exception_class: type[WebDriverException]\n        e = ErrorCode()\n        error_codes = [item for item in dir(e) if not item.startswith(\"__\")]\n        for error_code in error_codes:\n            error_info = getattr(ErrorCode, error_code)\n            if isinstance(error_info, list) and status in error_info:\n                exception_class = getattr(ExceptionMapping, error_code, WebDriverException)\n                break\n        else:\n            exception_class = WebDriverException\n    \n        if not value:\n            value = response[\"value\"]\n        if isinstance(value, str):\n            raise exception_class(value)\n        if message == \"\" and \"message\" in value:\n            message = value[\"message\"]\n    \n        screen = None  # type: ignore[assignment]\n        if \"screen\" in value:\n            screen = value[\"screen\"]\n    \n        stacktrace = None\n        st_value = value.get(\"stackTrace\") or value.get(\"stacktrace\")\n        if st_value:\n            if isinstance(st_value, str):\n                stacktrace = st_value.split(\"\\n\")\n            else:\n                stacktrace = []\n                try:\n                    for frame in st_value:\n                        line = frame.get(\"lineNumber\", \"\")\n                        file = frame.get(\"fileName\", \"<anonymous>\")\n                        if line:\n                            file = f\"{file}:{line}\"\n                        meth = frame.get(\"methodName\", \"<anonymous>\")\n                        if \"className\" in frame:\n                            meth = f\"{frame['className']}.{meth}\"\n                        msg = \"    at %s (%s)\"\n                        msg = msg % (meth, file)\n                        stacktrace.append(msg)\n                except TypeError:\n                    pass\n        if exception_class == UnexpectedAlertPresentException:\n            alert_text = None\n            if \"data\" in value:\n                alert_text = value[\"data\"].get(\"text\")\n            elif \"alert\" in value:\n                alert_text = value[\"alert\"].get(\"text\")\n            raise exception_class(message, screen, stacktrace, alert_text)  # type: ignore[call-arg]  # mypy is not smart enough here\n>       raise exception_class(message, screen, stacktrace)\nE       selenium.common.exceptions.NoSuchElementException: Message: no such element: Unable to locate element: {\"method\":\"css selector\",\"selector\":\"input.new-todo\"}\nE         (Session info: chrome=145.0.7632.117); For documentation on this error, please visit: https://www.selenium.dev/documentation/webdriver/troubleshooting/errors#nosuchelementexception\nE       Stacktrace:\nE       Symbols not available. Dumping unresolved backtrace:\nE       \t0x7ff778ecaa55\nE       \t0x7ff778c28630\nE       \t0x7ff7789bd75d\nE       \t0x7ff778a1862e\nE       \t0x7ff778a1893c\nE       \t0x7ff778a68d87\nE       \t0x7ff778a6591c\nE       \t0x7ff778a09098\nE       \t0x7ff778a09f83\nE       \t0x7ff778ef7810\nE       \t0x7ff778ef1afd\nE       \t0x7ff778f12c1a\nE       \t0x7ff778c43345\nE       \t0x7ff778c4b81c\nE       \t0x7ff778c31924\nE       \t0x7ff778c31ad6\nE       \t0x7ff778c17e47\nE       \t0x7ffc018226bd\nE       \t0x7ffc021edfb8\n\n.venv\\Lib\\site-packages\\selenium\\webdriver\\remote\\errorhandler.py:232: NoSuchElementException"}, "start": 1772125151943, "stop": 1772125152987, "uuid": "5921d246-6d63-41fd-8be3-f70ac6d58c44", "historyId": "31f753bb750eef5f9b4a4cd1967d3a97", "testCaseId": "31f753bb750eef5f9b4a4cd1967d3a97", "fullName": "tests.test_add_task#test_add_task_valid_name", "labels": [{"name": "parentSuite", "value": "tests"}, {"name": "suite", "value": "test_add_task"}, {"name": "host", "value": "WIN-BT7LVCU6FHG"}, {"name": "thread", "value": "9864-MainThread"}, {"name": "framework", "value": "pytest"}, {"name": "language", "value": "cpython3"}, {"name": "package", "value": "tests.test_add_task"}], "titlePath": ["tests", "test_add_task.py"]}