{"name": "Task is not added when name is empty", "status": "failed", "statusDetails": {"message": "AssertionError: assert 6 == 5", "trace": "driver = <selenium.webdriver.chrome.webdriver.WebDriver (session=\"165e6b096d38c19d4b0674a020dcb878\")>\n\n    @allure.title(\"Task is not added when name is empty\")\n    def test_task_not_added_with_empty_name(driver):\n        page = TodoPage(driver)\n        page.open()\n    \n        before = len(page.get_tasks())\n    \n        with allure.step(\"Try to add empty task\"):\n            page.add_task(\"\")\n    \n        with allure.step(\"Verify no new tasks were added\"):\n            after = len(page.get_tasks())\n>           assert after == before\nE           assert 6 == 5\n\ntests\\test_task_not_added_with_empty_name.py:17: AssertionError"}, "steps": [{"name": "Try to add empty task", "status": "passed", "start": 1772124571002, "stop": 1772124571084}, {"name": "Verify no new tasks were added", "status": "failed", "statusDetails": {"message": "AssertionError: assert 6 == 5\n", "trace": "  File \"D:\\University\\Project github\\ToDoList\\tests\\test_task_not_added_with_empty_name.py\", line 17, in test_task_not_added_with_empty_name\n    assert after == before\n"}, "start": 1772124571084, "stop": 1772124571112}], "start": 1772124570358, "stop": 1772124571112, "uuid": "70ad2a01-058a-4d6f-bba4-9ef93ee6566b", "historyId": "ac9568bc1d0d88ee48e662cda17cd613", "testCaseId": "ac9568bc1d0d88ee48e662cda17cd613", "fullName": "tests.test_task_not_added_with_empty_name#test_task_not_added_with_empty_name", "labels": [{"name": "parentSuite", "value": "tests"}, {"name": "suite", "value": "test_task_not_added_with_empty_name"}, {"name": "host", "value": "WIN-BT7LVCU6FHG"}, {"name": "thread", "value": "7848-MainThread"}, {"name": "framework", "value": "pytest"}, {"name": "language", "value": "cpython3"}, {"name": "package", "value": "tests.test_task_not_added_with_empty_name"}], "titlePath": ["tests", "test_task_not_added_with_empty_name.py"]}