{"name": "User can mark task as completed", "status": "failed", "statusDetails": {"message": "AssertionError: assert False\n +  where False = is_task_completed('Buy milk')\n +    where is_task_completed = <pages.todo_page.TodoPage object at 0x0000029C55F949D0>.is_task_completed", "trace": "driver = <selenium.webdriver.chrome.webdriver.WebDriver (session=\"b8a1328523c540eb75b1323d9d599e65\")>\n\n    @allure.title(\"User can mark task as completed\")\n    def test_mark_task_as_completed(driver):\n        page = TodoPage(driver)\n        page.open()\n    \n        task_name = \"Buy milk\"\n    \n        with allure.step(\"Add new task\"):\n            page.add_task(task_name)\n    \n        with allure.step(\"Mark task as completed\"):\n            page.complete_task(task_name)\n    \n        with allure.step(\"Verify task is marked as completed\"):\n>           assert page.is_task_completed(task_name)\nE           AssertionError: assert False\nE            +  where False = is_task_completed('Buy milk')\nE            +    where is_task_completed = <pages.todo_page.TodoPage object at 0x0000029C55F949D0>.is_task_completed\n\ntests\\test_mark_task_as_completed.py:18: AssertionError"}, "steps": [{"name": "Add new task", "status": "passed", "start": 1772125455765, "stop": 1772125455854}, {"name": "Mark task as completed", "status": "passed", "start": 1772125455854, "stop": 1772125455942}, {"name": "Verify task is marked as completed", "status": "failed", "statusDetails": {"message": "AssertionError: assert False\n +  where False = is_task_completed('Buy milk')\n +    where is_task_completed = <pages.todo_page.TodoPage object at 0x0000029C55F949D0>.is_task_completed\n", "trace": "  File \"D:\\University\\Project github\\ToDoList\\tests\\test_mark_task_as_completed.py\", line 18, in test_mark_task_as_completed\n    assert page.is_task_completed(task_name)\n"}, "start": 1772125455942, "stop": 1772125455988}], "start": 1772125454700, "stop": 1772125455989, "uuid": "8522fedf-0b22-4a1b-9401-d31586f0f82b", "historyId": "7ba8d6135c71e54bca5d1638034aa3e2", "testCaseId": "7ba8d6135c71e54bca5d1638034aa3e2", "fullName": "tests.test_mark_task_as_completed#test_mark_task_as_completed", "labels": [{"name": "parentSuite", "value": "tests"}, {"name": "suite", "value": "test_mark_task_as_completed"}, {"name": "host", "value": "WIN-BT7LVCU6FHG"}, {"name": "thread", "value": "15888-MainThread"}, {"name": "framework", "value": "pytest"}, {"name": "language", "value": "cpython3"}, {"name": "package", "value": "tests.test_mark_task_as_completed"}], "titlePath": ["tests", "test_mark_task_as_completed.py"]}