{"name": "User can mark task as completed", "status": "failed", "statusDetails": {"message": "AssertionError: assert False\n +  where False = is_task_completed('Buy milk')\n +    where is_task_completed = <pages.todo_page.TodoPage object at 0x0000028A77FFC3E0>.is_task_completed", "trace": "driver = <selenium.webdriver.chrome.webdriver.WebDriver (session=\"e0f8d7b564e04884024d737f9bd42f7d\")>\n\n    @allure.title(\"User can mark task as completed\")\n    def test_mark_task_as_completed(driver):\n        page = TodoPage(driver)\n    \n        with allure.step(\"Open ToDo page\"):\n            page.open()\n    \n        with allure.step(\"Add new task\"):\n            page.add_task(\"Buy milk\")\n    \n        with allure.step(\"Mark task as completed\"):\n            page.complete_task(\"Buy milk\")\n    \n        with allure.step(\"Verify task is marked as completed\"):\n>           assert page.is_task_completed(\"Buy milk\")\nE           AssertionError: assert False\nE            +  where False = is_task_completed('Buy milk')\nE            +    where is_task_completed = <pages.todo_page.TodoPage object at 0x0000028A77FFC3E0>.is_task_completed\n\ntests\\test_mark_task_as_completed.py:19: AssertionError"}, "steps": [{"name": "Open ToDo page", "status": "passed", "start": 1772124246087, "stop": 1772124247030}, {"name": "Add new task", "status": "passed", "start": 1772124247031, "stop": 1772124247116}, {"name": "Mark task as completed", "status": "passed", "start": 1772124247116, "stop": 1772124247126}, {"name": "Verify task is marked as completed", "status": "failed", "statusDetails": {"message": "AssertionError: assert False\n +  where False = is_task_completed('Buy milk')\n +    where is_task_completed = <pages.todo_page.TodoPage object at 0x0000028A77FFC3E0>.is_task_completed\n", "trace": "  File \"D:\\University\\Project github\\ToDoList\\tests\\test_mark_task_as_completed.py\", line 19, in test_mark_task_as_completed\n    assert page.is_task_completed(\"Buy milk\")\n"}, "start": 1772124247126, "stop": 1772124247134}], "start": 1772124246087, "stop": 1772124247134, "uuid": "e5d02029-84df-4f5b-bf96-7bf05bb53b16", "historyId": "7ba8d6135c71e54bca5d1638034aa3e2", "testCaseId": "7ba8d6135c71e54bca5d1638034aa3e2", "fullName": "tests.test_mark_task_as_completed#test_mark_task_as_completed", "labels": [{"name": "parentSuite", "value": "tests"}, {"name": "suite", "value": "test_mark_task_as_completed"}, {"name": "host", "value": "WIN-BT7LVCU6FHG"}, {"name": "thread", "value": "13528-MainThread"}, {"name": "framework", "value": "pytest"}, {"name": "language", "value": "cpython3"}, {"name": "package", "value": "tests.test_mark_task_as_completed"}], "titlePath": ["tests", "test_mark_task_as_completed.py"]}