{"name": "Task is not added when name is empty", "status": "failed", "statusDetails": {"message": "AssertionError: assert '' not in ['Gather requirements for a \"todo\" app', 'Build the app in AngularJs', 'Create Selenium unit tests', 'Build selenium grid, buy devices, and setup a test lab - $$$', 'Hire an FTE to manage the lab - more $$$', '']", "trace": "driver = <selenium.webdriver.chrome.webdriver.WebDriver (session=\"34b22c446fa13f05116ce490f80eac6c\")>\n\n    @allure.title(\"Task is not added when name is empty\")\n    def test_task_not_added_with_empty_name(driver):\n        page = TodoPage(driver)\n        page.open()\n    \n        with allure.step(\"Try to add empty task\"):\n            page.add_task(\"\")\n    \n        with allure.step(\"Verify no tasks with empty name were added\"):\n            tasks = page.get_tasks()\n>           assert \"\" not in tasks\nE           assert '' not in ['Gather requirements for a \"todo\" app', 'Build the app in AngularJs', 'Create Selenium unit tests', 'Build selenium grid, buy devices, and setup a test lab - $$$', 'Hire an FTE to manage the lab - more $$$', '']\n\ntests\\test_task_not_added_with_empty_name.py:14: AssertionError"}, "steps": [{"name": "Try to add empty task", "status": "passed", "start": 1772125239893, "stop": 1772125239976}, {"name": "Verify no tasks with empty name were added", "status": "failed", "statusDetails": {"message": "AssertionError: assert '' not in ['Gather requirements for a \"todo\" app', 'Build the app in AngularJs', 'Create Selenium unit tests', 'Build selenium grid, buy devices, and setup a test lab - $$$', 'Hire an FTE to manage the lab - more $$$', '']\n", "trace": "  File \"D:\\University\\Project github\\ToDoList\\tests\\test_task_not_added_with_empty_name.py\", line 14, in test_task_not_added_with_empty_name\n    assert \"\" not in tasks\n"}, "start": 1772125239976, "stop": 1772125240010}], "start": 1772125238930, "stop": 1772125240011, "uuid": "347ebace-f597-4db8-aae3-ff0514e62c0d", "historyId": "ac9568bc1d0d88ee48e662cda17cd613", "testCaseId": "ac9568bc1d0d88ee48e662cda17cd613", "fullName": "tests.test_task_not_added_with_empty_name#test_task_not_added_with_empty_name", "labels": [{"name": "parentSuite", "value": "tests"}, {"name": "suite", "value": "test_task_not_added_with_empty_name"}, {"name": "host", "value": "WIN-BT7LVCU6FHG"}, {"name": "thread", "value": "14964-MainThread"}, {"name": "framework", "value": "pytest"}, {"name": "language", "value": "cpython3"}, {"name": "package", "value": "tests.test_task_not_added_with_empty_name"}], "titlePath": ["tests", "test_task_not_added_with_empty_name.py"]}